<?xml version="1.0" encoding="UTF-8"?>
<testsuite xmlns:xsi="http://www.w3.org/2001/XMLSchema-instance" xsi:noNamespaceSchemaLocation="https://maven.apache.org/surefire/maven-failsafe-plugin/xsd/failsafe-test-report-3.0.xsd" version="3.0" name="com.gdn.qa.training.DefinitionTestSuite" time="7.178" tests="4" errors="0" skipped="0" failures="0">
  <properties>
[...]
</properties>
  <testcase name="user prepare request" classname="As a user, I want to get category" time="2.772"/>
  <testcase name="user hit on api categories" classname="As a user, I want to get category" time="1.954"/>
  <testcase name="id &quot;1&quot; should be &quot;Delivery&quot;" classname="As a user, I want to get category" time="0.007"/>
  <testcase name="As a user, I want to get category" classname="As a user, I want to get category" time="0.012"/>
</testsuite>